This is pdfTeX, Version 3.14159265-2.6-1.40.18 (MiKTeX 2.9.6350 64-bit) (preloaded format=pdflatex 2018.1.7)  16 JAN 2018 18:28
entering extended mode
**"./Lab 1 and 2.tex"
("Lab 1 and 2.tex"
LaTeX2e <2017-04-15>
Babel <3.10> and hyphenation patterns for 75 language(s) loaded.
("C:\Program Files\MiKTeX 2.9\tex\latex\base\article.cls"
Document Class: article 2014/09/29 v1.4h Standard LaTeX document class
("C:\Program Files\MiKTeX 2.9\tex\latex\base\size11.clo"
File: size11.clo 2014/09/29 v1.4h Standard LaTeX file (size option)
)
\c@part=\count79
\c@section=\count80
\c@subsection=\count81
\c@subsubsection=\count82
\c@paragraph=\count83
\c@subparagraph=\count84
\c@figure=\count85
\c@table=\count86
\abovecaptionskip=\skip41
\belowcaptionskip=\skip42
\bibindent=\dimen102
)
(C:\Users\Anthony\AppData\Roaming\MiKTeX\2.9\tex\latex\listings\listings.sty
("C:\Program Files\MiKTeX 2.9\tex\latex\graphics\keyval.sty"
Package: keyval 2014/10/28 v1.15 key=value parser (DPC)
\KV@toks@=\toks14
)
\lst@mode=\count87
\lst@gtempboxa=\box26
\lst@token=\toks15
\lst@length=\count88
\lst@currlwidth=\dimen103
\lst@column=\count89
\lst@pos=\count90
\lst@lostspace=\dimen104
\lst@width=\dimen105
\lst@newlines=\count91
\lst@lineno=\count92
\lst@maxwidth=\dimen106

(C:\Users\Anthony\AppData\Roaming\MiKTeX\2.9\tex\latex\listings\lstmisc.sty
File: lstmisc.sty 2015/06/04 1.6 (Carsten Heinz)
\c@lstnumber=\count93
\lst@skipnumbers=\count94
\lst@framebox=\box27
)
(C:\Users\Anthony\AppData\Roaming\MiKTeX\2.9\tex\latex\listings\listings.cfg
File: listings.cfg 2015/06/04 1.6 listings configuration
))
Package: listings 2015/06/04 1.6 (Carsten Heinz)

("C:\Program Files\MiKTeX 2.9\tex\latex\base\alltt.sty"
Package: alltt 1997/06/16 v2.0g defines alltt environment
)
(C:\Users\Anthony\AppData\Roaming\MiKTeX\2.9\tex\latex\preprint\fullpage.sty
Package: fullpage 1999/02/23 1.1 (PWD)
\FP@margin=\skip43
)
("Lab 1 and 2.aux")
\openout1 = `"Lab 1 and 2.aux"'.

LaTeX Font Info:    Checking defaults for OML/cmm/m/it on input line 9.
LaTeX Font Info:    ... okay on input line 9.
LaTeX Font Info:    Checking defaults for T1/cmr/m/n on input line 9.
LaTeX Font Info:    ... okay on input line 9.
LaTeX Font Info:    Checking defaults for OT1/cmr/m/n on input line 9.
LaTeX Font Info:    ... okay on input line 9.
LaTeX Font Info:    Checking defaults for OMS/cmsy/m/n on input line 9.
LaTeX Font Info:    ... okay on input line 9.
LaTeX Font Info:    Checking defaults for OMX/cmex/m/n on input line 9.
LaTeX Font Info:    ... okay on input line 9.
LaTeX Font Info:    Checking defaults for U/cmr/m/n on input line 9.
LaTeX Font Info:    ... okay on input line 9.
\c@lstlisting=\count95
LaTeX Font Info:    External font `cmex10' loaded for size
(Font)              <12> on input line 10.
LaTeX Font Info:    External font `cmex10' loaded for size
(Font)              <8> on input line 10.
LaTeX Font Info:    External font `cmex10' loaded for size
(Font)              <6> on input line 10.
LaTeX Font Info:    External font `cmex10' loaded for size
(Font)              <10.95> on input line 29.
LaTeX Font Info:    Try loading font information for OMS+cmr on input line 31.
 ("C:\Program Files\MiKTeX 2.9\tex\latex\base\omscmr.fd"
File: omscmr.fd 2014/09/29 v2.5h Standard LaTeX font definitions
)
LaTeX Font Info:    Font shape `OMS/cmr/m/n' in size <10.95> not available
(Font)              Font shape `OMS/cmsy/m/n' tried instead on input line 31.

[1

{C:/ProgramData/MiKTeX/2.9/pdftex/config/pdftex.map}]
Overfull \hbox (59.12425pt too wide) in paragraph at lines 79--79
[]            \OT1/cmtt/m/n/10.95 |_____|  |     |_____|  |     |_____|  |     
|_____|  |     |       set manually[] 
 []


Overfull \hbox (59.12425pt too wide) in paragraph at lines 79--79
[]            \OT1/cmtt/m/n/10.95 ______|SW|     ______|SW|     ______|SW|     
______|SW|     |__     w/ 5V|GND to[] 
 []


Overfull \hbox (59.12425pt too wide) in paragraph at lines 79--79
[]            \OT1/cmtt/m/n/10.95 | GRD_|__|     | GRD_|__|     | GRD_|__|     
| GRD_|__|     | O|    select digit[] 
 []


Overfull \hbox (18.88344pt too wide) in paragraph at lines 79--79
[]            \OT1/cmtt/m/n/10.95 |              |              |              
|              |__|    |   |[] 
 []


Overfull \hbox (18.88344pt too wide) in paragraph at lines 79--79
[]            \OT1/cmtt/m/n/10.95 |              |              |              
|              |       |   |[] 
 []


Overfull \hbox (24.63213pt too wide) in paragraph at lines 79--79
[]            \OT1/cmtt/m/n/10.95 D3             D2             D1             
D0             STR     A1  A0[] 
 []


Overfull \hbox (24.63213pt too wide) in paragraph at lines 79--79
[]            \OT1/cmtt/m/n/10.95 11             10             01             
00                  == A1  A0[] 
 []

[2] [3]
Overfull \hbox (53.37556pt too wide) in paragraph at lines 133--133
[]    \OT1/cmtt/m/n/10.95 xor.b   #0x41,          R8      ; #00000001b -> #0100
0000b -> ... (LED1 -> LED2 -> ...)[] 
 []


Overfull \hbox (53.37556pt too wide) in paragraph at lines 135--135
[]    \OT1/cmtt/m/n/10.95 mov.w   #40000,         R10     ; counts to decrement
 (2nd dec, since max val is 65536)[] 
 []

[4] [5] ("Lab 1 and 2.aux") ) 
Here is how much of TeX's memory you used:
 1500 strings out of 493323
 21431 string characters out of 3139061
 82399 words of memory out of 3000000
 5086 multiletter control sequences out of 15000+200000
 8979 words of font info for 32 fonts, out of 3000000 for 9000
 1141 hyphenation exceptions out of 8191
 26i,6n,32p,549b,219s stack positions out of 5000i,500n,10000p,200000b,50000s
<C:/Program Files/MiKTeX 2.9/fonts/type1/public/am
sfonts/cm/cmbx10.pfb><C:/Program Files/MiKTeX 2.9/fonts/type1/public/amsfonts/c
m/cmbx12.pfb><C:/Program Files/MiKTeX 2.9/fonts/type1/public/amsfonts/cm/cmmi10
.pfb><C:/Program Files/MiKTeX 2.9/fonts/type1/public/amsfonts/cm/cmmi8.pfb><C:/
Program Files/MiKTeX 2.9/fonts/type1/public/amsfonts/cm/cmr10.pfb><C:/Program F
iles/MiKTeX 2.9/fonts/type1/public/amsfonts/cm/cmr12.pfb><C:/Program Files/MiKT
eX 2.9/fonts/type1/public/amsfonts/cm/cmr17.pfb><C:/Program Files/MiKTeX 2.9/fo
nts/type1/public/amsfonts/cm/cmsy10.pfb><C:/Program Files/MiKTeX 2.9/fonts/type
1/public/amsfonts/cm/cmtt10.pfb>
Output written on "Lab 1 and 2.pdf" (5 pages, 117470 bytes).
PDF statistics:
 54 PDF objects out of 1000 (max. 8388607)
 0 named destinations out of 1000 (max. 500000)
 1 words of extra memory for PDF output out of 10000 (max. 10000000)

